<?xml version="1.0" encoding="UTF-8"?>
<!-- Generated by org.testng.reporters.JUnitXMLReporter -->
<testsuite hostname="DESKTOP-COKT6GT" ignored="6" name="add tests" tests="1" failures="0" timestamp="15 янв 2020 19:14:10 GMT" time="0.062" errors="0">
  <testcase name="testAdd" time="0.014" classname="com.lits.rubinskyy.calculator.CalculatorAddOperation"/>
  <testcase name="testSubtract" time="0.0" classname="com.lits.rubinskyy.calculator.CalculatorAddOperation">
    <ignored/>
  </testcase> <!-- testSubtract -->
  <testcase name="testExpected" time="0.0" classname="com.lits.rubinskyy.calculator.CalculatorAddOperation">
    <ignored/>
  </testcase> <!-- testExpected -->
  <testcase name="testSubtractTwoNumbers" time="0.0" classname="com.lits.rubinskyy.calculator.CalculatorParametrizedTest">
    <ignored/>
  </testcase> <!-- testSubtractTwoNumbers -->
  <testcase name="testDivide" time="0.0" classname="com.lits.rubinskyy.calculator.CalculatorAddOperation">
    <ignored/>
  </testcase> <!-- testDivide -->
  <testcase name="testMultiply" time="0.0" classname="com.lits.rubinskyy.calculator.CalculatorAddOperation">
    <ignored/>
  </testcase> <!-- testMultiply -->
  <testcase name="testAddTwoNumbers" time="0.0" classname="com.lits.rubinskyy.calculator.CalculatorParametrizedTest">
    <ignored/>
  </testcase> <!-- testAddTwoNumbers -->
</testsuite> <!-- add tests -->
